-------------------------------------------------------------------------------
Test set: com.generation.blogpessoal.repository.UsuarioRepositoryTest
-------------------------------------------------------------------------------
Tests run: 2, Failures: 1, Errors: 0, Skipped: 0, Time elapsed: 2.115 s <<< FAILURE! - in com.generation.blogpessoal.repository.UsuarioRepositoryTest
deveRetornarTresUsuarios  Time elapsed: 0.011 s  <<< FAILURE!
org.opentest4j.AssertionFailedError: expected: <true> but was: <false>
	at com.generation.blogpessoal.repository.UsuarioRepositoryTest.deveRetornarTresUsuarios(UsuarioRepositoryTest.java:41)

