<?xml version="1.0" encoding="UTF-8"?>
<testsuite xmlns:xsi="http://www.w3.org/2001/XMLSchema-instance" xsi:noNamespaceSchemaLocation="https://maven.apache.org/surefire/maven-surefire-plugin/xsd/surefire-test-report.xsd" name="com.generation.blogpessoal.repository.UsuarioRepositoryTest" time="2.256" tests="2" errors="1" skipped="0" failures="1">
  <properties>
[...]
</properties>
  <testcase name="deveRetornarUmUsuario" classname="com.generation.blogpessoal.repository.UsuarioRepositoryTest" time="0.091">
    <error message="No value present" type="java.util.NoSuchElementException">java.util.NoSuchElementException: No value present
	at com.generation.blogpessoal.repository.UsuarioRepositoryTest.deveRetornarUmUsuario(UsuarioRepositoryTest.java:33)
</error>
    <system-out><![CDATA[13:38:57.242 [main] DEBUG org.springframework.boot.test.context.SpringBootTestContextBootstrapper - Neither @ContextConfiguration nor @ContextHierarchy found for test class [UsuarioRepositoryTest]: using SpringBootContextLoader
13:38:57.244 [main] DEBUG org.springframework.test.context.support.AbstractContextLoader - Could not detect default resource locations for test class [com.generation.blogpessoal.repository.UsuarioRepositoryTest]: no resource found for suffixes {-context.xml, Context.groovy}.
13:38:57.244 [main] INFO org.springframework.test.context.support.AnnotationConfigContextLoaderUtils - Could not detect default configuration classes for test class [com.generation.blogpessoal.repository.UsuarioRepositoryTest]: UsuarioRepositoryTest does not declare any static, non-private, non-final, nested classes annotated with @Configuration.
13:38:57.253 [main] DEBUG org.springframework.boot.test.context.SpringBootTestContextBootstrapper - Using ContextCustomizers for test class [UsuarioRepositoryTest]: [ExcludeFilterContextCustomizer, DuplicateJsonObjectContextCustomizer, MockitoContextCustomizer, TestRestTemplateContextCustomizer, DisableObservabilityContextCustomizer, PropertyMappingContextCustomizer, Customizer]
13:38:57.287 [main] DEBUG org.springframework.context.annotation.ClassPathScanningCandidateComponentProvider - Identified candidate component class: file [/Users/jacksoliveir/Development/blogpessoal/target/classes/com/generation/blogpessoal/BlogpessoalApplication.class]
13:38:57.288 [main] INFO org.springframework.boot.test.context.SpringBootTestContextBootstrapper - Found @SpringBootConfiguration com.generation.blogpessoal.BlogpessoalApplication for test class com.generation.blogpessoal.repository.UsuarioRepositoryTest
13:38:57.326 [main] DEBUG org.springframework.boot.test.context.SpringBootTestContextBootstrapper - Using TestExecutionListeners for test class [UsuarioRepositoryTest]: [ServletTestExecutionListener, DirtiesContextBeforeModesTestExecutionListener, ApplicationEventsTestExecutionListener, MockitoTestExecutionListener, DependencyInjectionTestExecutionListener, DirtiesContextTestExecutionListener, TransactionalTestExecutionListener, SqlScriptsTestExecutionListener, EventPublishingTestExecutionListener, WithSecurityContextTestExecutionListener, ReactorContextTestExecutionListener, ResetMocksTestExecutionListener, RestDocsTestExecutionListener, MockRestServiceServerResetTestExecutionListener, MockMvcPrintOnlyOnFailureTestExecutionListener, WebDriverTestExecutionListener, MockWebServiceServerTestExecutionListener]
13:38:57.328 [main] DEBUG org.springframework.test.context.support.DependencyInjectionTestExecutionListener - Performing dependency injection for test class com.generation.blogpessoal.repository.UsuarioRepositoryTest

  .   ____          _            __ _ _
 /\\ / ___'_ __ _ _(_)_ __  __ _ \ \ \ \
( ( )\___ | '_ | '_| | '_ \/ _` | \ \ \ \
 \\/  ___)| |_)| | | | | || (_| |  ) ) ) )
  '  |____| .__|_| |_|_| |_\__, | / / / /
 =========|_|==============|___/=/_/_/_/
 :: Spring Boot ::                (v3.0.2)

2023-02-13T13:38:57.452-03:00  INFO 13350 --- [           main] c.g.b.repository.UsuarioRepositoryTest   : Starting UsuarioRepositoryTest using Java 19.0.1 with PID 13350 (started by jacksoliveir in /Users/jacksoliveir/Development/blogpessoal)
2023-02-13T13:38:57.454-03:00  INFO 13350 --- [           main] c.g.b.repository.UsuarioRepositoryTest   : No active profile set, falling back to 1 default profile: "default"
2023-02-13T13:38:57.746-03:00  INFO 13350 --- [           main] .s.d.r.c.RepositoryConfigurationDelegate : Bootstrapping Spring Data JPA repositories in DEFAULT mode.
2023-02-13T13:38:57.772-03:00  INFO 13350 --- [           main] .s.d.r.c.RepositoryConfigurationDelegate : Finished Spring Data repository scanning in 22 ms. Found 3 JPA repository interfaces.
2023-02-13T13:38:58.040-03:00  INFO 13350 --- [           main] o.s.b.w.embedded.tomcat.TomcatWebServer  : Tomcat initialized with port(s): 0 (http)
2023-02-13T13:38:58.045-03:00  INFO 13350 --- [           main] o.apache.catalina.core.StandardService   : Starting service [Tomcat]
2023-02-13T13:38:58.045-03:00  INFO 13350 --- [           main] o.apache.catalina.core.StandardEngine    : Starting Servlet engine: [Apache Tomcat/10.1.5]
2023-02-13T13:38:58.088-03:00  INFO 13350 --- [           main] o.a.c.c.C.[Tomcat].[localhost].[/]       : Initializing Spring embedded WebApplicationContext
2023-02-13T13:38:58.088-03:00  INFO 13350 --- [           main] w.s.c.ServletWebServerApplicationContext : Root WebApplicationContext: initialization completed in 621 ms
2023-02-13T13:38:58.164-03:00  INFO 13350 --- [           main] o.hibernate.jpa.internal.util.LogHelper  : HHH000204: Processing PersistenceUnitInfo [name: default]
2023-02-13T13:38:58.189-03:00  INFO 13350 --- [           main] org.hibernate.Version                    : HHH000412: Hibernate ORM core version 6.1.6.Final
2023-02-13T13:38:58.264-03:00  WARN 13350 --- [           main] org.hibernate.orm.deprecation            : HHH90000021: Encountered deprecated setting [javax.persistence.sharedCache.mode], use [jakarta.persistence.sharedCache.mode] instead
2023-02-13T13:38:58.315-03:00  INFO 13350 --- [           main] com.zaxxer.hikari.HikariDataSource       : HikariPool-1 - Starting...
2023-02-13T13:38:58.406-03:00  INFO 13350 --- [           main] com.zaxxer.hikari.pool.HikariPool        : HikariPool-1 - Added connection conn0: url=jdbc:h2:file:~/target/h2 user=SA
2023-02-13T13:38:58.407-03:00  INFO 13350 --- [           main] com.zaxxer.hikari.HikariDataSource       : HikariPool-1 - Start completed.
2023-02-13T13:38:58.418-03:00  INFO 13350 --- [           main] SQL dialect                              : HHH000400: Using dialect: org.hibernate.dialect.H2Dialect
2023-02-13T13:38:58.802-03:00  INFO 13350 --- [           main] o.h.e.t.j.p.i.JtaPlatformInitiator       : HHH000490: Using JtaPlatform implementation: [org.hibernate.engine.transaction.jta.platform.internal.NoJtaPlatform]
2023-02-13T13:38:58.806-03:00  INFO 13350 --- [           main] j.LocalContainerEntityManagerFactoryBean : Initialized JPA EntityManagerFactory for persistence unit 'default'
2023-02-13T13:38:58.996-03:00  WARN 13350 --- [           main] JpaBaseConfiguration$JpaWebConfiguration : spring.jpa.open-in-view is enabled by default. Therefore, database queries may be performed during view rendering. Explicitly configure spring.jpa.open-in-view to disable this warning
2023-02-13T13:38:59.140-03:00  INFO 13350 --- [           main] o.s.s.web.DefaultSecurityFilterChain     : Will secure any request with [org.springframework.security.web.session.DisableEncodeUrlFilter@8961e55, org.springframework.security.web.context.request.async.WebAsyncManagerIntegrationFilter@67eabe02, org.springframework.security.web.context.SecurityContextHolderFilter@36a8ebca, org.springframework.security.web.header.HeaderWriterFilter@629dfb5a, org.springframework.web.filter.CorsFilter@4197e859, org.springframework.security.web.authentication.logout.LogoutFilter@4dc5b887, org.springframework.security.web.authentication.www.BasicAuthenticationFilter@6bc08a77, org.springframework.security.web.savedrequest.RequestCacheAwareFilter@434a72f2, org.springframework.security.web.servletapi.SecurityContextHolderAwareRequestFilter@7cc842b0, org.springframework.security.web.authentication.AnonymousAuthenticationFilter@73072745, org.springframework.security.web.session.SessionManagementFilter@44181746, org.springframework.security.web.access.ExceptionTranslationFilter@11d0bff5, org.springframework.security.web.access.intercept.AuthorizationFilter@3b72860c]
2023-02-13T13:38:59.231-03:00  INFO 13350 --- [           main] o.s.b.w.embedded.tomcat.TomcatWebServer  : Tomcat started on port(s): 59898 (http) with context path ''
2023-02-13T13:38:59.236-03:00  INFO 13350 --- [           main] c.g.b.repository.UsuarioRepositoryTest   : Started UsuarioRepositoryTest in 1.897 seconds (process running for 2.381)
]]></system-out>
  </testcase>
  <testcase name="deveRetornarTresUsuarios" classname="com.generation.blogpessoal.repository.UsuarioRepositoryTest" time="0.013">
    <failure message="expected: &lt;true&gt; but was: &lt;false&gt;" type="org.opentest4j.AssertionFailedError"><![CDATA[org.opentest4j.AssertionFailedError: expected: <true> but was: <false>
	at com.generation.blogpessoal.repository.UsuarioRepositoryTest.deveRetornarTresUsuarios(UsuarioRepositoryTest.java:41)
]]></failure>
  </testcase>
</testsuite>